<?xml version="1.0" encoding="UTF-8"?>
<testsuite xmlns:xsi="http://www.w3.org/2001/XMLSchema-instance" xsi:noNamespaceSchemaLocation="https://maven.apache.org/surefire/maven-surefire-plugin/xsd/surefire-test-report-3.0.xsd" version="3.0" name="com.example.movieMania.MovieManiaApplicationTests" time="5.28" tests="1" errors="0" skipped="0" failures="0">
  <properties>
[...]
</properties>
  <testcase name="contextLoads" classname="com.example.movieMania.MovieManiaApplicationTests" time="1.439">
    <system-out><![CDATA[18:08:18.912 [main] INFO org.springframework.test.context.support.AnnotationConfigContextLoaderUtils -- Could not detect default configuration classes for test class [com.example.movieMania.MovieManiaApplicationTests]: MovieManiaApplicationTests does not declare any static, non-private, non-final, nested classes annotated with @Configuration.
18:08:19.068 [main] INFO org.springframework.boot.test.context.SpringBootTestContextBootstrapper -- Found @SpringBootConfiguration com.example.movieMania.MovieManiaApplication for test class com.example.movieMania.MovieManiaApplicationTests

  .   ____          _            __ _ _
 /\\ / ___'_ __ _ _(_)_ __  __ _ \ \ \ \
( ( )\___ | '_ | '_| | '_ \/ _` | \ \ \ \
 \\/  ___)| |_)| | | | | || (_| |  ) ) ) )
  '  |____| .__|_| |_|_| |_\__, | / / / /
 =========|_|==============|___/=/_/_/_/
 :: Spring Boot ::                (v3.1.2)

2023-08-08T18:08:19.608+05:30  INFO 12320 --- [           main] m.p.springdotenv.DotenvPropertySource    : Initializing Dotenv with DotenvConfig{directory=null, filename=null, ignoreIfMalformed=false, ignoreIfMissing=true, systemProperties=false, prefix=null}
2023-08-08T18:08:19.636+05:30  INFO 12320 --- [           main] c.e.m.MovieManiaApplicationTests         : Starting MovieManiaApplicationTests using Java 17.0.5 with PID 12320 (started by Hp in E:\springAPIs\movieMania)
2023-08-08T18:08:19.637+05:30  INFO 12320 --- [           main] c.e.m.MovieManiaApplicationTests         : No active profile set, falling back to 1 default profile: "default"
2023-08-08T18:08:20.504+05:30  INFO 12320 --- [           main] .s.d.r.c.RepositoryConfigurationDelegate : Bootstrapping Spring Data MongoDB repositories in DEFAULT mode.
2023-08-08T18:08:20.579+05:30  INFO 12320 --- [           main] .s.d.r.c.RepositoryConfigurationDelegate : Finished Spring Data repository scanning in 68 ms. Found 2 MongoDB repository interfaces.
2023-08-08T18:08:21.317+05:30  INFO 12320 --- [           main] org.mongodb.driver.client                : MongoClient with metadata {"driver": {"name": "mongo-java-driver|sync|spring-boot", "version": "4.9.1"}, "os": {"type": "Windows", "name": "Windows 11", "architecture": "amd64", "version": "10.0"}, "platform": "Java/Oracle Corporation/17.0.5+9-LTS-191"} created with settings MongoClientSettings{readPreference=primary, writeConcern=WriteConcern{w=null, wTimeout=null ms, journal=null}, retryWrites=true, retryReads=true, readConcern=ReadConcern{level=null}, credential=MongoCredential{mechanism=null, userName='hsingh2be20', source='admin', password=<hidden>, mechanismProperties=<hidden>}, streamFactoryFactory=null, commandListeners=[], codecRegistry=ProvidersCodecRegistry{codecProviders=[ValueCodecProvider{}, BsonValueCodecProvider{}, DBRefCodecProvider{}, DBObjectCodecProvider{}, DocumentCodecProvider{}, CollectionCodecProvider{}, IterableCodecProvider{}, MapCodecProvider{}, GeoJsonCodecProvider{}, GridFSFileCodecProvider{}, Jsr310CodecProvider{}, JsonObjectCodecProvider{}, BsonCodecProvider{}, EnumCodecProvider{}, com.mongodb.client.model.mql.ExpressionCodecProvider@45b15381, com.mongodb.Jep395RecordCodecProvider@2dbfcf7]}, loggerSettings=LoggerSettings{maxDocumentLength=1000}, clusterSettings={hosts=[127.0.0.1:27017], srvHost=cluster0.98ga53k.mongodb.net, srvServiceName=mongodb, mode=MULTIPLE, requiredClusterType=REPLICA_SET, requiredReplicaSetName='atlas-12v90d-shard-0', serverSelector='null', clusterListeners='[]', serverSelectionTimeout='30000 ms', localThreshold='30000 ms'}, socketSettings=SocketSettings{connectTimeoutMS=10000, readTimeoutMS=0, receiveBufferSize=0, sendBufferSize=0}, heartbeatSocketSettings=SocketSettings{connectTimeoutMS=10000, readTimeoutMS=10000, receiveBufferSize=0, sendBufferSize=0}, connectionPoolSettings=ConnectionPoolSettings{maxSize=100, minSize=0, maxWaitTimeMS=120000, maxConnectionLifeTimeMS=0, maxConnectionIdleTimeMS=0, maintenanceInitialDelayMS=0, maintenanceFrequencyMS=60000, connectionPoolListeners=[], maxConnecting=2}, serverSettings=ServerSettings{heartbeatFrequencyMS=10000, minHeartbeatFrequencyMS=500, serverListeners='[]', serverMonitorListeners='[]'}, sslSettings=SslSettings{enabled=true, invalidHostNameAllowed=false, context=null}, applicationName='null', compressorList=[], uuidRepresentation=JAVA_LEGACY, serverApi=null, autoEncryptionSettings=null, contextProvider=null}
2023-08-08T18:08:21.518+05:30  INFO 12320 --- [53k.mongodb.net] org.mongodb.driver.cluster               : Adding discovered server ac-uhpjhll-shard-00-02.98ga53k.mongodb.net:27017 to client view of cluster
2023-08-08T18:08:21.583+05:30  INFO 12320 --- [53k.mongodb.net] org.mongodb.driver.cluster               : Adding discovered server ac-uhpjhll-shard-00-01.98ga53k.mongodb.net:27017 to client view of cluster
2023-08-08T18:08:21.585+05:30  INFO 12320 --- [53k.mongodb.net] org.mongodb.driver.cluster               : Adding discovered server ac-uhpjhll-shard-00-00.98ga53k.mongodb.net:27017 to client view of cluster
2023-08-08T18:08:22.531+05:30  INFO 12320 --- [           main] c.e.m.MovieManiaApplicationTests         : Started MovieManiaApplicationTests in 3.284 seconds (process running for 4.519)
2023-08-08T18:08:23.478+05:30  INFO 12320 --- [ngodb.net:27017] org.mongodb.driver.cluster               : Monitor thread successfully connected to server with description ServerDescription{address=ac-uhpjhll-shard-00-00.98ga53k.mongodb.net:27017, type=REPLICA_SET_SECONDARY, state=CONNECTED, ok=true, minWireVersion=0, maxWireVersion=17, maxDocumentSize=16777216, logicalSessionTimeoutMinutes=30, roundTripTimeNanos=842554400, setName='atlas-12v90d-shard-0', canonicalAddress=ac-uhpjhll-shard-00-00.98ga53k.mongodb.net:27017, hosts=[ac-uhpjhll-shard-00-02.98ga53k.mongodb.net:27017, ac-uhpjhll-shard-00-01.98ga53k.mongodb.net:27017, ac-uhpjhll-shard-00-00.98ga53k.mongodb.net:27017], passives=[], arbiters=[], primary='ac-uhpjhll-shard-00-01.98ga53k.mongodb.net:27017', tagSet=TagSet{[Tag{name='nodeType', value='ELECTABLE'}, Tag{name='provider', value='AWS'}, Tag{name='region', value='US_EAST_1'}, Tag{name='workloadType', value='OPERATIONAL'}]}, electionId=null, setVersion=9, topologyVersion=TopologyVersion{processId=64cd4d8dd74dcc87091ff383, counter=4}, lastWriteDate=Tue Aug 08 18:08:24 IST 2023, lastUpdateTimeNanos=64075923632700}
2023-08-08T18:08:23.478+05:30  INFO 12320 --- [ngodb.net:27017] org.mongodb.driver.cluster               : Monitor thread successfully connected to server with description ServerDescription{address=ac-uhpjhll-shard-00-01.98ga53k.mongodb.net:27017, type=REPLICA_SET_PRIMARY, state=CONNECTED, ok=true, minWireVersion=0, maxWireVersion=17, maxDocumentSize=16777216, logicalSessionTimeoutMinutes=30, roundTripTimeNanos=879497400, setName='atlas-12v90d-shard-0', canonicalAddress=ac-uhpjhll-shard-00-01.98ga53k.mongodb.net:27017, hosts=[ac-uhpjhll-shard-00-02.98ga53k.mongodb.net:27017, ac-uhpjhll-shard-00-01.98ga53k.mongodb.net:27017, ac-uhpjhll-shard-00-00.98ga53k.mongodb.net:27017], passives=[], arbiters=[], primary='ac-uhpjhll-shard-00-01.98ga53k.mongodb.net:27017', tagSet=TagSet{[Tag{name='nodeType', value='ELECTABLE'}, Tag{name='provider', value='AWS'}, Tag{name='region', value='US_EAST_1'}, Tag{name='workloadType', value='OPERATIONAL'}]}, electionId=7fffffff00000000000000bf, setVersion=9, topologyVersion=TopologyVersion{processId=64cd4f4c975450f3660fd83a, counter=6}, lastWriteDate=Tue Aug 08 18:08:24 IST 2023, lastUpdateTimeNanos=64075927372000}
2023-08-08T18:08:23.480+05:30  INFO 12320 --- [ngodb.net:27017] org.mongodb.driver.cluster               : Monitor thread successfully connected to server with description ServerDescription{address=ac-uhpjhll-shard-00-02.98ga53k.mongodb.net:27017, type=REPLICA_SET_SECONDARY, state=CONNECTED, ok=true, minWireVersion=0, maxWireVersion=17, maxDocumentSize=16777216, logicalSessionTimeoutMinutes=30, roundTripTimeNanos=635382500, setName='atlas-12v90d-shard-0', canonicalAddress=ac-uhpjhll-shard-00-02.98ga53k.mongodb.net:27017, hosts=[ac-uhpjhll-shard-00-02.98ga53k.mongodb.net:27017, ac-uhpjhll-shard-00-01.98ga53k.mongodb.net:27017, ac-uhpjhll-shard-00-00.98ga53k.mongodb.net:27017], passives=[], arbiters=[], primary='ac-uhpjhll-shard-00-01.98ga53k.mongodb.net:27017', tagSet=TagSet{[Tag{name='nodeType', value='ELECTABLE'}, Tag{name='provider', value='AWS'}, Tag{name='region', value='US_EAST_1'}, Tag{name='workloadType', value='OPERATIONAL'}]}, electionId=null, setVersion=9, topologyVersion=TopologyVersion{processId=64cd514b785e6fb1b5c8e4e7, counter=3}, lastWriteDate=Tue Aug 08 18:08:24 IST 2023, lastUpdateTimeNanos=64075923664700}
2023-08-08T18:08:23.484+05:30  INFO 12320 --- [ngodb.net:27017] org.mongodb.driver.cluster               : Discovered replica set primary ac-uhpjhll-shard-00-01.98ga53k.mongodb.net:27017 with max election id 7fffffff00000000000000bf and max set version 9
]]></system-out>
  </testcase>
</testsuite>